[2025-10-27T05:06:32.659+0000] {local_task_job_runner.py:120} INFO - ::group::Pre task execution logs
[2025-10-27T05:06:32.693+0000] {taskinstance.py:2076} INFO - Dependencies all met for dep_context=non-requeueable deps ti=<TaskInstance: spotify_minio_to_snowflake_bronze.load_raw_to_snowflake scheduled__2025-10-27T04:00:00+00:00 [queued]>
[2025-10-27T05:06:32.705+0000] {taskinstance.py:2076} INFO - Dependencies all met for dep_context=requeueable deps ti=<TaskInstance: spotify_minio_to_snowflake_bronze.load_raw_to_snowflake scheduled__2025-10-27T04:00:00+00:00 [queued]>
[2025-10-27T05:06:32.706+0000] {taskinstance.py:2306} INFO - Starting attempt 1 of 2
[2025-10-27T05:06:32.719+0000] {taskinstance.py:2330} INFO - Executing <Task(PythonOperator): load_raw_to_snowflake> on 2025-10-27 04:00:00+00:00
[2025-10-27T05:06:32.730+0000] {standard_task_runner.py:90} INFO - Running: ['***', 'tasks', 'run', 'spotify_minio_to_snowflake_bronze', 'load_raw_to_snowflake', 'scheduled__2025-10-27T04:00:00+00:00', '--job-id', '4', '--raw', '--subdir', 'DAGS_FOLDER/minio-to-kafka.py', '--cfg-path', '/tmp/tmpohbxv3p_']
[2025-10-27T05:06:32.736+0000] {standard_task_runner.py:91} INFO - Job 4: Subtask load_raw_to_snowflake
[2025-10-27T05:06:32.736+0000] {logging_mixin.py:188} WARNING - /home/***/.local/lib/python3.12/site-packages/***/task/task_runner/standard_task_runner.py:62 DeprecationWarning: This process (pid=427) is multi-threaded, use of fork() may lead to deadlocks in the child.
[2025-10-27T05:06:32.737+0000] {standard_task_runner.py:64} INFO - Started process 440 to run task
[2025-10-27T05:06:32.832+0000] {task_command.py:426} INFO - Running <TaskInstance: spotify_minio_to_snowflake_bronze.load_raw_to_snowflake scheduled__2025-10-27T04:00:00+00:00 [running]> on host 681395a7d9e3
[2025-10-27T05:06:32.986+0000] {taskinstance.py:2648} INFO - Exporting env vars: AIRFLOW_CTX_DAG_OWNER='***' AIRFLOW_CTX_DAG_ID='spotify_minio_to_snowflake_bronze' AIRFLOW_CTX_TASK_ID='load_raw_to_snowflake' AIRFLOW_CTX_EXECUTION_DATE='2025-10-27T04:00:00+00:00' AIRFLOW_CTX_TRY_NUMBER='1' AIRFLOW_CTX_DAG_RUN_ID='scheduled__2025-10-27T04:00:00+00:00'
[2025-10-27T05:06:32.988+0000] {taskinstance.py:430} INFO - ::endgroup::
[2025-10-27T05:06:33.049+0000] {connection.py:408} INFO - Snowflake Connector for Python Version: 3.11.0, Python Version: 3.12.4, Platform: Linux-6.6.87.2-microsoft-standard-WSL2-x86_64-with-glibc2.36
[2025-10-27T05:06:33.055+0000] {connection.py:1258} INFO - This connection is in OCSP Fail Open Mode. TLS Certificates would be checked for validity and revocation status. Any other Certificate Revocation related exceptions or OCSP Responder failures would be disregarded in favor of connectivity.
[2025-10-27T05:06:35.205+0000] {taskinstance.py:441} INFO - ::group::Post task execution logs
[2025-10-27T05:06:35.207+0000] {taskinstance.py:2905} ERROR - Task failed with exception
Traceback (most recent call last):
  File "/home/airflow/.local/lib/python3.12/site-packages/airflow/models/taskinstance.py", line 465, in _execute_task
    result = _execute_callable(context=context, **execute_callable_kwargs)
             ^^^^^^^^^^^^^^^^^^^^^^^^^^^^^^^^^^^^^^^^^^^^^^^^^^^^^^^^^^^^^
  File "/home/airflow/.local/lib/python3.12/site-packages/airflow/models/taskinstance.py", line 432, in _execute_callable
    return execute_callable(context=context, **execute_callable_kwargs)
           ^^^^^^^^^^^^^^^^^^^^^^^^^^^^^^^^^^^^^^^^^^^^^^^^^^^^^^^^^^^^
  File "/home/airflow/.local/lib/python3.12/site-packages/airflow/models/baseoperator.py", line 401, in wrapper
    return func(self, *args, **kwargs)
           ^^^^^^^^^^^^^^^^^^^^^^^^^^^
  File "/home/airflow/.local/lib/python3.12/site-packages/airflow/operators/python.py", line 235, in execute
    return_value = self.execute_callable()
                   ^^^^^^^^^^^^^^^^^^^^^^^
  File "/home/airflow/.local/lib/python3.12/site-packages/airflow/operators/python.py", line 252, in execute_callable
    return self.python_callable(*self.op_args, **self.op_kwargs)
           ^^^^^^^^^^^^^^^^^^^^^^^^^^^^^^^^^^^^^^^^^^^^^^^^^^^^^
  File "/opt/airflow/dags/minio-to-kafka.py", line 115, in load_raw_to_snowflake
    cur.execute(f"USE DATABASE {SNOWFLAKE_DATABASE}")
  File "/home/airflow/.local/lib/python3.12/site-packages/snowflake/connector/cursor.py", line 1080, in execute
    Error.errorhandler_wrapper(self.connection, self, error_class, errvalue)
  File "/home/airflow/.local/lib/python3.12/site-packages/snowflake/connector/errors.py", line 290, in errorhandler_wrapper
    handed_over = Error.hand_to_other_handler(
                  ^^^^^^^^^^^^^^^^^^^^^^^^^^^^
  File "/home/airflow/.local/lib/python3.12/site-packages/snowflake/connector/errors.py", line 345, in hand_to_other_handler
    cursor.errorhandler(connection, cursor, error_class, error_value)
  File "/home/airflow/.local/lib/python3.12/site-packages/snowflake/connector/errors.py", line 221, in default_errorhandler
    raise error_class(
snowflake.connector.errors.ProgrammingError: 002043 (02000): 01bffbb2-0001-5618-0000-000b0d4a605d: SQL compilation error:
Object does not exist, or operation cannot be performed.
[2025-10-27T05:06:35.223+0000] {taskinstance.py:1206} INFO - Marking task as UP_FOR_RETRY. dag_id=spotify_minio_to_snowflake_bronze, task_id=load_raw_to_snowflake, run_id=scheduled__2025-10-27T04:00:00+00:00, execution_date=20251027T040000, start_date=20251027T050632, end_date=20251027T050635
[2025-10-27T05:06:35.246+0000] {standard_task_runner.py:110} ERROR - Failed to execute job 4 for task load_raw_to_snowflake (002043 (02000): 01bffbb2-0001-5618-0000-000b0d4a605d: SQL compilation error:
Object does not exist, or operation cannot be performed.; 440)
[2025-10-27T05:06:35.292+0000] {local_task_job_runner.py:243} INFO - Task exited with return code 1
[2025-10-27T05:06:35.315+0000] {taskinstance.py:3503} INFO - 0 downstream tasks scheduled from follow-on schedule check
[2025-10-27T05:06:35.320+0000] {local_task_job_runner.py:222} INFO - ::endgroup::
[2025-10-27T05:22:42.287+0000] {local_task_job_runner.py:120} INFO - ::group::Pre task execution logs
[2025-10-27T05:22:42.322+0000] {taskinstance.py:2076} INFO - Dependencies all met for dep_context=non-requeueable deps ti=<TaskInstance: spotify_minio_to_snowflake_bronze.load_raw_to_snowflake scheduled__2025-10-27T04:00:00+00:00 [queued]>
[2025-10-27T05:22:42.334+0000] {taskinstance.py:2076} INFO - Dependencies all met for dep_context=requeueable deps ti=<TaskInstance: spotify_minio_to_snowflake_bronze.load_raw_to_snowflake scheduled__2025-10-27T04:00:00+00:00 [queued]>
[2025-10-27T05:22:42.335+0000] {taskinstance.py:2306} INFO - Starting attempt 1 of 2
[2025-10-27T05:22:42.349+0000] {taskinstance.py:2330} INFO - Executing <Task(PythonOperator): load_raw_to_snowflake> on 2025-10-27 04:00:00+00:00
[2025-10-27T05:22:42.364+0000] {standard_task_runner.py:90} INFO - Running: ['***', 'tasks', 'run', 'spotify_minio_to_snowflake_bronze', 'load_raw_to_snowflake', 'scheduled__2025-10-27T04:00:00+00:00', '--job-id', '7', '--raw', '--subdir', 'DAGS_FOLDER/minio-to-kafka.py', '--cfg-path', '/tmp/tmpzvwn8qeh']
[2025-10-27T05:22:42.371+0000] {standard_task_runner.py:91} INFO - Job 7: Subtask load_raw_to_snowflake
[2025-10-27T05:22:42.370+0000] {logging_mixin.py:188} WARNING - /home/***/.local/lib/python3.12/site-packages/***/task/task_runner/standard_task_runner.py:62 DeprecationWarning: This process (pid=553) is multi-threaded, use of fork() may lead to deadlocks in the child.
[2025-10-27T05:22:42.372+0000] {standard_task_runner.py:64} INFO - Started process 565 to run task
[2025-10-27T05:22:42.514+0000] {task_command.py:426} INFO - Running <TaskInstance: spotify_minio_to_snowflake_bronze.load_raw_to_snowflake scheduled__2025-10-27T04:00:00+00:00 [running]> on host 681395a7d9e3
[2025-10-27T05:22:42.675+0000] {taskinstance.py:2648} INFO - Exporting env vars: AIRFLOW_CTX_DAG_OWNER='***' AIRFLOW_CTX_DAG_ID='spotify_minio_to_snowflake_bronze' AIRFLOW_CTX_TASK_ID='load_raw_to_snowflake' AIRFLOW_CTX_EXECUTION_DATE='2025-10-27T04:00:00+00:00' AIRFLOW_CTX_TRY_NUMBER='1' AIRFLOW_CTX_DAG_RUN_ID='scheduled__2025-10-27T04:00:00+00:00'
[2025-10-27T05:22:42.677+0000] {taskinstance.py:430} INFO - ::endgroup::
[2025-10-27T05:22:42.712+0000] {connection.py:408} INFO - Snowflake Connector for Python Version: 3.11.0, Python Version: 3.12.4, Platform: Linux-6.6.87.2-microsoft-standard-WSL2-x86_64-with-glibc2.36
[2025-10-27T05:22:42.714+0000] {connection.py:1258} INFO - This connection is in OCSP Fail Open Mode. TLS Certificates would be checked for validity and revocation status. Any other Certificate Revocation related exceptions or OCSP Responder failures would be disregarded in favor of connectivity.
[2025-10-27T05:22:44.216+0000] {cursor.py:1149} INFO - Number of results in first chunk: 1
[2025-10-27T05:22:44.372+0000] {cursor.py:1149} INFO - Number of results in first chunk: 1
[2025-10-27T05:22:44.545+0000] {cursor.py:1149} INFO - Number of results in first chunk: 1
[2025-10-27T05:22:48.613+0000] {cursor.py:1149} INFO - Number of results in first chunk: 1
[2025-10-27T05:22:48.614+0000] {connection.py:773} INFO - closed
[2025-10-27T05:22:48.687+0000] {connection.py:779} INFO - No async queries seem to be running, deleting session
[2025-10-27T05:22:48.767+0000] {logging_mixin.py:188} INFO - ✅ Loaded 10 raw records into Snowflake table: SPOTIFY_EVENTS_BRONZE
[2025-10-27T05:22:48.768+0000] {python.py:237} INFO - Done. Returned value was: None
[2025-10-27T05:22:48.769+0000] {taskinstance.py:441} INFO - ::group::Post task execution logs
[2025-10-27T05:22:48.780+0000] {taskinstance.py:1206} INFO - Marking task as SUCCESS. dag_id=spotify_minio_to_snowflake_bronze, task_id=load_raw_to_snowflake, run_id=scheduled__2025-10-27T04:00:00+00:00, execution_date=20251027T040000, start_date=20251027T052242, end_date=20251027T052248
[2025-10-27T05:22:48.830+0000] {local_task_job_runner.py:243} INFO - Task exited with return code 0
[2025-10-27T05:22:48.855+0000] {taskinstance.py:3503} INFO - 0 downstream tasks scheduled from follow-on schedule check
[2025-10-27T05:22:48.858+0000] {local_task_job_runner.py:222} INFO - ::endgroup::
