[2025-10-27T05:06:25.532+0000] {local_task_job_runner.py:120} INFO - ::group::Pre task execution logs
[2025-10-27T05:06:25.598+0000] {taskinstance.py:2076} INFO - Dependencies all met for dep_context=non-requeueable deps ti=<TaskInstance: spotify_minio_to_snowflake_bronze.extract_data scheduled__2025-10-27T04:00:00+00:00 [queued]>
[2025-10-27T05:06:25.611+0000] {taskinstance.py:2076} INFO - Dependencies all met for dep_context=requeueable deps ti=<TaskInstance: spotify_minio_to_snowflake_bronze.extract_data scheduled__2025-10-27T04:00:00+00:00 [queued]>
[2025-10-27T05:06:25.613+0000] {taskinstance.py:2306} INFO - Starting attempt 1 of 2
[2025-10-27T05:06:25.626+0000] {taskinstance.py:2330} INFO - Executing <Task(PythonOperator): extract_data> on 2025-10-27 04:00:00+00:00
[2025-10-27T05:06:25.637+0000] {standard_task_runner.py:90} INFO - Running: ['***', 'tasks', 'run', 'spotify_minio_to_snowflake_bronze', 'extract_data', 'scheduled__2025-10-27T04:00:00+00:00', '--job-id', '3', '--raw', '--subdir', 'DAGS_FOLDER/minio-to-kafka.py', '--cfg-path', '/tmp/tmpspn1clud']
[2025-10-27T05:06:25.642+0000] {standard_task_runner.py:91} INFO - Job 3: Subtask extract_data
[2025-10-27T05:06:25.643+0000] {logging_mixin.py:188} WARNING - /home/***/.local/lib/python3.12/site-packages/***/task/task_runner/standard_task_runner.py:62 DeprecationWarning: This process (pid=416) is multi-threaded, use of fork() may lead to deadlocks in the child.
[2025-10-27T05:06:25.644+0000] {standard_task_runner.py:64} INFO - Started process 426 to run task
[2025-10-27T05:06:25.737+0000] {task_command.py:426} INFO - Running <TaskInstance: spotify_minio_to_snowflake_bronze.extract_data scheduled__2025-10-27T04:00:00+00:00 [running]> on host 681395a7d9e3
[2025-10-27T05:06:25.867+0000] {taskinstance.py:2648} INFO - Exporting env vars: AIRFLOW_CTX_DAG_OWNER='***' AIRFLOW_CTX_DAG_ID='spotify_minio_to_snowflake_bronze' AIRFLOW_CTX_TASK_ID='extract_data' AIRFLOW_CTX_EXECUTION_DATE='2025-10-27T04:00:00+00:00' AIRFLOW_CTX_TRY_NUMBER='1' AIRFLOW_CTX_DAG_RUN_ID='scheduled__2025-10-27T04:00:00+00:00'
[2025-10-27T05:06:25.869+0000] {taskinstance.py:430} INFO - ::endgroup::
[2025-10-27T05:06:27.133+0000] {logging_mixin.py:188} INFO - ✅ Extracted 10 events from MinIO and saved to /tmp/spotify_raw.json
[2025-10-27T05:06:27.135+0000] {python.py:237} INFO - Done. Returned value was: /tmp/spotify_raw.json
[2025-10-27T05:06:27.137+0000] {taskinstance.py:441} INFO - ::group::Post task execution logs
[2025-10-27T05:06:27.171+0000] {taskinstance.py:1206} INFO - Marking task as SUCCESS. dag_id=spotify_minio_to_snowflake_bronze, task_id=extract_data, run_id=scheduled__2025-10-27T04:00:00+00:00, execution_date=20251027T040000, start_date=20251027T050625, end_date=20251027T050627
[2025-10-27T05:06:27.230+0000] {local_task_job_runner.py:243} INFO - Task exited with return code 0
[2025-10-27T05:06:27.253+0000] {taskinstance.py:3503} INFO - 1 downstream tasks scheduled from follow-on schedule check
[2025-10-27T05:06:27.256+0000] {local_task_job_runner.py:222} INFO - ::endgroup::
[2025-10-27T05:22:36.355+0000] {local_task_job_runner.py:120} INFO - ::group::Pre task execution logs
[2025-10-27T05:22:36.388+0000] {taskinstance.py:2076} INFO - Dependencies all met for dep_context=non-requeueable deps ti=<TaskInstance: spotify_minio_to_snowflake_bronze.extract_data scheduled__2025-10-27T04:00:00+00:00 [queued]>
[2025-10-27T05:22:36.397+0000] {taskinstance.py:2076} INFO - Dependencies all met for dep_context=requeueable deps ti=<TaskInstance: spotify_minio_to_snowflake_bronze.extract_data scheduled__2025-10-27T04:00:00+00:00 [queued]>
[2025-10-27T05:22:36.398+0000] {taskinstance.py:2306} INFO - Starting attempt 1 of 2
[2025-10-27T05:22:36.412+0000] {taskinstance.py:2330} INFO - Executing <Task(PythonOperator): extract_data> on 2025-10-27 04:00:00+00:00
[2025-10-27T05:22:36.425+0000] {standard_task_runner.py:90} INFO - Running: ['***', 'tasks', 'run', 'spotify_minio_to_snowflake_bronze', 'extract_data', 'scheduled__2025-10-27T04:00:00+00:00', '--job-id', '6', '--raw', '--subdir', 'DAGS_FOLDER/minio-to-kafka.py', '--cfg-path', '/tmp/tmpb0ucbbhp']
[2025-10-27T05:22:36.428+0000] {logging_mixin.py:188} WARNING - /home/***/.local/lib/python3.12/site-packages/***/task/task_runner/standard_task_runner.py:62 DeprecationWarning: This process (pid=542) is multi-threaded, use of fork() may lead to deadlocks in the child.
[2025-10-27T05:22:36.430+0000] {standard_task_runner.py:91} INFO - Job 6: Subtask extract_data
[2025-10-27T05:22:36.430+0000] {standard_task_runner.py:64} INFO - Started process 552 to run task
[2025-10-27T05:22:36.523+0000] {task_command.py:426} INFO - Running <TaskInstance: spotify_minio_to_snowflake_bronze.extract_data scheduled__2025-10-27T04:00:00+00:00 [running]> on host 681395a7d9e3
[2025-10-27T05:22:36.757+0000] {taskinstance.py:2648} INFO - Exporting env vars: AIRFLOW_CTX_DAG_OWNER='***' AIRFLOW_CTX_DAG_ID='spotify_minio_to_snowflake_bronze' AIRFLOW_CTX_TASK_ID='extract_data' AIRFLOW_CTX_EXECUTION_DATE='2025-10-27T04:00:00+00:00' AIRFLOW_CTX_TRY_NUMBER='1' AIRFLOW_CTX_DAG_RUN_ID='scheduled__2025-10-27T04:00:00+00:00'
[2025-10-27T05:22:36.760+0000] {taskinstance.py:430} INFO - ::endgroup::
[2025-10-27T05:22:37.184+0000] {logging_mixin.py:188} INFO - ✅ Extracted 10 events from MinIO and saved to /tmp/spotify_raw.json
[2025-10-27T05:22:37.185+0000] {python.py:237} INFO - Done. Returned value was: /tmp/spotify_raw.json
[2025-10-27T05:22:37.186+0000] {taskinstance.py:441} INFO - ::group::Post task execution logs
[2025-10-27T05:22:37.216+0000] {taskinstance.py:1206} INFO - Marking task as SUCCESS. dag_id=spotify_minio_to_snowflake_bronze, task_id=extract_data, run_id=scheduled__2025-10-27T04:00:00+00:00, execution_date=20251027T040000, start_date=20251027T052236, end_date=20251027T052237
[2025-10-27T05:22:37.252+0000] {local_task_job_runner.py:243} INFO - Task exited with return code 0
[2025-10-27T05:22:37.277+0000] {taskinstance.py:3503} INFO - 1 downstream tasks scheduled from follow-on schedule check
[2025-10-27T05:22:37.281+0000] {local_task_job_runner.py:222} INFO - ::endgroup::
